#
# There is insufficient memory for the Java Runtime Environment to continue.
# Native memory allocation (malloc) failed to allocate 32744 bytes for ChunkPool::allocate
# Possible reasons:
#   The system is out of physical RAM or swap space
#   The process is running with CompressedOops enabled, and the Java Heap may be blocking the growth of the native heap
# Possible solutions:
#   Reduce memory load on the system
#   Increase physical memory or swap space
#   Check if swap backing store is full
#   Decrease Java heap size (-Xmx/-Xms)
#   Decrease number of Java threads
#   Decrease Java thread stack sizes (-Xss)
#   Set larger code cache with -XX:ReservedCodeCacheSize=
#   JVM is running with Unscaled Compressed Oops mode in which the Java heap is
#     placed in the first 4GB address space. The Java Heap base address is the
#     maximum limit for the native heap growth. Please use -XX:HeapBaseMinAddress
#     to set the Java Heap base and to place the Java Heap above 4GB virtual address.
# This output file may be truncated or incomplete.
#
#  Out of Memory Error (arena.cpp:78), pid=2728, tid=6308
#
# JRE version: OpenJDK Runtime Environment Corretto-17.0.3.6.1 (17.0.3+6) (build 17.0.3+6-LTS)
# Java VM: OpenJDK 64-Bit Server VM Corretto-17.0.3.6.1 (17.0.3+6-LTS, mixed mode, emulated-client, sharing, tiered, compressed oops, compressed class ptrs, g1 gc, windows-amd64)
# No core dump will be written. Minidumps are not enabled by default on client versions of Windows
#

---------------  S U M M A R Y ------------

Command Line: -XX:TieredStopAtLevel=1 -Xverify:none -Dspring.output.ansi.enabled=always -Dcom.sun.management.jmxremote -Dspring.jmx.enabled=true -Dspring.liveBeansView.mbeanDomain -Dspring.application.admin.enabled=true -javaagent:C:\Program Files\JetBrains\IntelliJ IDEA 2022.1.3\lib\idea_rt.jar=59559:C:\Program Files\JetBrains\IntelliJ IDEA 2022.1.3\bin -Dfile.encoding=UTF-8 com.example.springproject.Application

Host: Intel(R) Core(TM) i5-7200U CPU @ 2.50GHz, 4 cores, 7G,  Windows 10 , 64 bit Build 19041 (10.0.19041.3636)
Time: Fri Jul 12 21:42:53 2024 Azerbaijan Standard Time elapsed time: 0.207953 seconds (0d 0h 0m 0s)

---------------  T H R E A D  ---------------

Current thread (0x000001de48b82f60):  JavaThread "C1 CompilerThread0" daemon [_thread_in_native, id=6308, stack(0x00000053c5e00000,0x00000053c5f00000)]


Current CompileTask:
C1:    208   43   !   1       java.util.concurrent.ConcurrentHashMap::putVal (432 bytes)

Stack: [0x00000053c5e00000,0x00000053c5f00000]
Native frames: (J=compiled Java code, j=interpreted, Vv=VM code, C=native code)
V  [jvm.dll+0x645e5a]
V  [jvm.dll+0x7f6fc4]
V  [jvm.dll+0x7f877e]
V  [jvm.dll+0x7f8dd3]
V  [jvm.dll+0x234bb8]
V  [jvm.dll+0xbd05c]
V  [jvm.dll+0xbd3ac]
V  [jvm.dll+0x1150e6]
V  [jvm.dll+0x16febe]
V  [jvm.dll+0x170493]
V  [jvm.dll+0x12d373]
V  [jvm.dll+0x12cc3f]
V  [jvm.dll+0x12ce75]
V  [jvm.dll+0x12c265]
V  [jvm.dll+0x12df86]
V  [jvm.dll+0x217b49]
V  [jvm.dll+0x215d9b]
V  [jvm.dll+0x7af68b]
V  [jvm.dll+0x7a9c9a]
V  [jvm.dll+0x644d05]
C  [ucrtbase.dll+0x21bb2]
C  [KERNEL32.DLL+0x17344]
C  [ntdll.dll+0x4cc91]


---------------  P R O C E S S  ---------------

Threads class SMR info:
_java_thread_list=0x000001de48bfc310, length=10, elements={
0x000001de371d9260, 0x000001de48b689a0, 0x000001de48b69720, 0x000001de48b7c940,
0x000001de48b7d400, 0x000001de48b7fdd0, 0x000001de48b80690, 0x000001de48b82f60,
0x000001de48b91180, 0x000001de498490f0
}

Java Threads: ( => current thread )
  0x000001de371d9260 JavaThread "main" [_thread_in_vm, id=15020, stack(0x00000053c5100000,0x00000053c5200000)]
  0x000001de48b689a0 JavaThread "Reference Handler" daemon [_thread_blocked, id=3388, stack(0x00000053c5800000,0x00000053c5900000)]
  0x000001de48b69720 JavaThread "Finalizer" daemon [_thread_blocked, id=11196, stack(0x00000053c5900000,0x00000053c5a00000)]
  0x000001de48b7c940 JavaThread "Signal Dispatcher" daemon [_thread_blocked, id=7568, stack(0x00000053c5a00000,0x00000053c5b00000)]
  0x000001de48b7d400 JavaThread "Attach Listener" daemon [_thread_blocked, id=12460, stack(0x00000053c5b00000,0x00000053c5c00000)]
  0x000001de48b7fdd0 JavaThread "Service Thread" daemon [_thread_blocked, id=3452, stack(0x00000053c5c00000,0x00000053c5d00000)]
  0x000001de48b80690 JavaThread "Monitor Deflation Thread" daemon [_thread_blocked, id=6004, stack(0x00000053c5d00000,0x00000053c5e00000)]
=>0x000001de48b82f60 JavaThread "C1 CompilerThread0" daemon [_thread_in_native, id=6308, stack(0x00000053c5e00000,0x00000053c5f00000)]
  0x000001de48b91180 JavaThread "Sweeper thread" daemon [_thread_blocked, id=13436, stack(0x00000053c5f00000,0x00000053c6000000)]
  0x000001de498490f0 JavaThread "Common-Cleaner" daemon [_thread_blocked, id=3172, stack(0x00000053c6000000,0x00000053c6100000)]

Other Threads:
  0x000001de48b631c0 VMThread "VM Thread" [stack: 0x00000053c5700000,0x00000053c5800000] [id=13944]
  0x000001de372329e0 GCTaskThread "GC Thread#0" [stack: 0x00000053c5200000,0x00000053c5300000] [id=12976]
  0x000001de37244480 ConcurrentGCThread "G1 Main Marker" [stack: 0x00000053c5300000,0x00000053c5400000] [id=9516]
  0x000001de372455e0 ConcurrentGCThread "G1 Conc#0" [stack: 0x00000053c5400000,0x00000053c5500000] [id=9104]
  0x000001de48a20090 ConcurrentGCThread "G1 Refine#0" [stack: 0x00000053c5500000,0x00000053c5600000] [id=13336]
  0x000001de48a209c0 ConcurrentGCThread "G1 Service" [stack: 0x00000053c5600000,0x00000053c5700000] [id=1540]

Threads with active compile tasks:
C1 CompilerThread0      246   43   !   1       java.util.concurrent.ConcurrentHashMap::putVal (432 bytes)

VM state: not at safepoint (normal execution)

VM Mutex/Monitor currently owned by a thread: None

Heap address: 0x0000000081e00000, size: 2018 MB, Compressed Oops mode: 32-bit

CDS archive(s) mapped at: [0x0000000800000000-0x0000000800bc0000-0x0000000800bc0000), size 12320768, SharedBaseAddress: 0x0000000800000000, ArchiveRelocationMode: 0.
Compressed class space mapped at: 0x0000000800c00000-0x0000000840c00000, reserved size: 1073741824
Narrow klass base: 0x0000000800000000, Narrow klass shift: 0, Narrow klass range: 0x100000000

GC Precious Log:
 CPUs: 4 total, 4 available
 Memory: 8069M
 Large Page Support: Disabled
 NUMA Support: Disabled
 Compressed Oops: Enabled (32-bit)
 Heap Region Size: 1M
 Heap Min Capacity: 8M
 Heap Initial Capacity: 128M
 Heap Max Capacity: 2018M
 Pre-touch: Disabled
 Parallel Workers: 4
 Concurrent Workers: 1
 Concurrent Refinement Workers: 4
 Periodic GC: Disabled

Heap:
 garbage-first heap   total 131072K, used 1024K [0x0000000081e00000, 0x0000000100000000)
  region size 1024K, 2 young (2048K), 0 survivors (0K)
 Metaspace       used 114K, committed 320K, reserved 1056768K
  class space    used 2K, committed 128K, reserved 1048576K

Heap Regions: E=young(eden), S=young(survivor), O=old, HS=humongous(starts), HC=humongous(continues), CS=collection set, F=free, OA=open archive, CA=closed archive, TAMS=top-at-mark-start (previous, next)
|   0|0x0000000081e00000, 0x0000000081e00000, 0x0000000081f00000|  0%| F|  |TAMS 0x0000000081e00000, 0x0000000081e00000| Untracked 
|   1|0x0000000081f00000, 0x0000000081f00000, 0x0000000082000000|  0%| F|  |TAMS 0x0000000081f00000, 0x0000000081f00000| Untracked 
|   2|0x0000000082000000, 0x0000000082000000, 0x0000000082100000|  0%| F|  |TAMS 0x0000000082000000, 0x0000000082000000| Untracked 
|   3|0x0000000082100000, 0x0000000082100000, 0x0000000082200000|  0%| F|  |TAMS 0x0000000082100000, 0x0000000082100000| Untracked 
|   4|0x0000000082200000, 0x0000000082200000, 0x0000000082300000|  0%| F|  |TAMS 0x0000000082200000, 0x0000000082200000| Untracked 
|   5|0x0000000082300000, 0x0000000082300000, 0x0000000082400000|  0%| F|  |TAMS 0x0000000082300000, 0x0000000082300000| Untracked 
|   6|0x0000000082400000, 0x0000000082400000, 0x0000000082500000|  0%| F|  |TAMS 0x0000000082400000, 0x0000000082400000| Untracked 
|   7|0x0000000082500000, 0x0000000082500000, 0x0000000082600000|  0%| F|  |TAMS 0x0000000082500000, 0x0000000082500000| Untracked 
|   8|0x0000000082600000, 0x0000000082600000, 0x0000000082700000|  0%| F|  |TAMS 0x0000000082600000, 0x0000000082600000| Untracked 
|   9|0x0000000082700000, 0x0000000082700000, 0x0000000082800000|  0%| F|  |TAMS 0x0000000082700000, 0x0000000082700000| Untracked 
|  10|0x0000000082800000, 0x0000000082800000, 0x0000000082900000|  0%| F|  |TAMS 0x0000000082800000, 0x0000000082800000| Untracked 
|  11|0x0000000082900000, 0x0000000082900000, 0x0000000082a00000|  0%| F|  |TAMS 0x0000000082900000, 0x0000000082900000| Untracked 
|  12|0x0000000082a00000, 0x0000000082a00000, 0x0000000082b00000|  0%| F|  |TAMS 0x0000000082a00000, 0x0000000082a00000| Untracked 
|  13|0x0000000082b00000, 0x0000000082b00000, 0x0000000082c00000|  0%| F|  |TAMS 0x0000000082b00000, 0x0000000082b00000| Untracked 
|  14|0x0000000082c00000, 0x0000000082c00000, 0x0000000082d00000|  0%| F|  |TAMS 0x0000000082c00000, 0x0000000082c00000| Untracked 
|  15|0x0000000082d00000, 0x0000000082d00000, 0x0000000082e00000|  0%| F|  |TAMS 0x0000000082d00000, 0x0000000082d00000| Untracked 
|  16|0x0000000082e00000, 0x0000000082e00000, 0x0000000082f00000|  0%| F|  |TAMS 0x0000000082e00000, 0x0000000082e00000| Untracked 
|  17|0x0000000082f00000, 0x0000000082f00000, 0x0000000083000000|  0%| F|  |TAMS 0x0000000082f00000, 0x0000000082f00000| Untracked 
|  18|0x0000000083000000, 0x0000000083000000, 0x0000000083100000|  0%| F|  |TAMS 0x0000000083000000, 0x0000000083000000| Untracked 
|  19|0x0000000083100000, 0x0000000083100000, 0x0000000083200000|  0%| F|  |TAMS 0x0000000083100000, 0x0000000083100000| Untracked 
|  20|0x0000000083200000, 0x0000000083200000, 0x0000000083300000|  0%| F|  |TAMS 0x0000000083200000, 0x0000000083200000| Untracked 
|  21|0x0000000083300000, 0x0000000083300000, 0x0000000083400000|  0%| F|  |TAMS 0x0000000083300000, 0x0000000083300000| Untracked 
|  22|0x0000000083400000, 0x0000000083400000, 0x0000000083500000|  0%| F|  |TAMS 0x0000000083400000, 0x0000000083400000| Untracked 
|  23|0x0000000083500000, 0x0000000083500000, 0x0000000083600000|  0%| F|  |TAMS 0x0000000083500000, 0x0000000083500000| Untracked 
|  24|0x0000000083600000, 0x0000000083600000, 0x0000000083700000|  0%| F|  |TAMS 0x0000000083600000, 0x0000000083600000| Untracked 
|  25|0x0000000083700000, 0x0000000083700000, 0x0000000083800000|  0%| F|  |TAMS 0x0000000083700000, 0x0000000083700000| Untracked 
|  26|0x0000000083800000, 0x0000000083800000, 0x0000000083900000|  0%| F|  |TAMS 0x0000000083800000, 0x0000000083800000| Untracked 
|  27|0x0000000083900000, 0x0000000083900000, 0x0000000083a00000|  0%| F|  |TAMS 0x0000000083900000, 0x0000000083900000| Untracked 
|  28|0x0000000083a00000, 0x0000000083a00000, 0x0000000083b00000|  0%| F|  |TAMS 0x0000000083a00000, 0x0000000083a00000| Untracked 
|  29|0x0000000083b00000, 0x0000000083b00000, 0x0000000083c00000|  0%| F|  |TAMS 0x0000000083b00000, 0x0000000083b00000| Untracked 
|  30|0x0000000083c00000, 0x0000000083c00000, 0x0000000083d00000|  0%| F|  |TAMS 0x0000000083c00000, 0x0000000083c00000| Untracked 
|  31|0x0000000083d00000, 0x0000000083d00000, 0x0000000083e00000|  0%| F|  |TAMS 0x0000000083d00000, 0x0000000083d00000| Untracked 
|  32|0x0000000083e00000, 0x0000000083e00000, 0x0000000083f00000|  0%| F|  |TAMS 0x0000000083e00000, 0x0000000083e00000| Untracked 
|  33|0x0000000083f00000, 0x0000000083f00000, 0x0000000084000000|  0%| F|  |TAMS 0x0000000083f00000, 0x0000000083f00000| Untracked 
|  34|0x0000000084000000, 0x0000000084000000, 0x0000000084100000|  0%| F|  |TAMS 0x0000000084000000, 0x0000000084000000| Untracked 
|  35|0x0000000084100000, 0x0000000084100000, 0x0000000084200000|  0%| F|  |TAMS 0x0000000084100000, 0x0000000084100000| Untracked 
|  36|0x0000000084200000, 0x0000000084200000, 0x0000000084300000|  0%| F|  |TAMS 0x0000000084200000, 0x0000000084200000| Untracked 
|  37|0x0000000084300000, 0x0000000084300000, 0x0000000084400000|  0%| F|  |TAMS 0x0000000084300000, 0x0000000084300000| Untracked 
|  38|0x0000000084400000, 0x0000000084400000, 0x0000000084500000|  0%| F|  |TAMS 0x0000000084400000, 0x0000000084400000| Untracked 
|  39|0x0000000084500000, 0x0000000084500000, 0x0000000084600000|  0%| F|  |TAMS 0x0000000084500000, 0x0000000084500000| Untracked 
|  40|0x0000000084600000, 0x0000000084600000, 0x0000000084700000|  0%| F|  |TAMS 0x0000000084600000, 0x0000000084600000| Untracked 
|  41|0x0000000084700000, 0x0000000084700000, 0x0000000084800000|  0%| F|  |TAMS 0x0000000084700000, 0x0000000084700000| Untracked 
|  42|0x0000000084800000, 0x0000000084800000, 0x0000000084900000|  0%| F|  |TAMS 0x0000000084800000, 0x0000000084800000| Untracked 
|  43|0x0000000084900000, 0x0000000084900000, 0x0000000084a00000|  0%| F|  |TAMS 0x0000000084900000, 0x0000000084900000| Untracked 
|  44|0x0000000084a00000, 0x0000000084a00000, 0x0000000084b00000|  0%| F|  |TAMS 0x0000000084a00000, 0x0000000084a00000| Untracked 
|  45|0x0000000084b00000, 0x0000000084b00000, 0x0000000084c00000|  0%| F|  |TAMS 0x0000000084b00000, 0x0000000084b00000| Untracked 
|  46|0x0000000084c00000, 0x0000000084c00000, 0x0000000084d00000|  0%| F|  |TAMS 0x0000000084c00000, 0x0000000084c00000| Untracked 
|  47|0x0000000084d00000, 0x0000000084d00000, 0x0000000084e00000|  0%| F|  |TAMS 0x0000000084d00000, 0x0000000084d00000| Untracked 
|  48|0x0000000084e00000, 0x0000000084e00000, 0x0000000084f00000|  0%| F|  |TAMS 0x0000000084e00000, 0x0000000084e00000| Untracked 
|  49|0x0000000084f00000, 0x0000000084f00000, 0x0000000085000000|  0%| F|  |TAMS 0x0000000084f00000, 0x0000000084f00000| Untracked 
|  50|0x0000000085000000, 0x0000000085000000, 0x0000000085100000|  0%| F|  |TAMS 0x0000000085000000, 0x0000000085000000| Untracked 
|  51|0x0000000085100000, 0x0000000085100000, 0x0000000085200000|  0%| F|  |TAMS 0x0000000085100000, 0x0000000085100000| Untracked 
|  52|0x0000000085200000, 0x0000000085200000, 0x0000000085300000|  0%| F|  |TAMS 0x0000000085200000, 0x0000000085200000| Untracked 
|  53|0x0000000085300000, 0x0000000085300000, 0x0000000085400000|  0%| F|  |TAMS 0x0000000085300000, 0x0000000085300000| Untracked 
|  54|0x0000000085400000, 0x0000000085400000, 0x0000000085500000|  0%| F|  |TAMS 0x0000000085400000, 0x0000000085400000| Untracked 
|  55|0x0000000085500000, 0x0000000085500000, 0x0000000085600000|  0%| F|  |TAMS 0x0000000085500000, 0x0000000085500000| Untracked 
|  56|0x0000000085600000, 0x0000000085600000, 0x0000000085700000|  0%| F|  |TAMS 0x0000000085600000, 0x0000000085600000| Untracked 
|  57|0x0000000085700000, 0x0000000085700000, 0x0000000085800000|  0%| F|  |TAMS 0x0000000085700000, 0x0000000085700000| Untracked 
|  58|0x0000000085800000, 0x0000000085800000, 0x0000000085900000|  0%| F|  |TAMS 0x0000000085800000, 0x0000000085800000| Untracked 
|  59|0x0000000085900000, 0x0000000085900000, 0x0000000085a00000|  0%| F|  |TAMS 0x0000000085900000, 0x0000000085900000| Untracked 
|  60|0x0000000085a00000, 0x0000000085a00000, 0x0000000085b00000|  0%| F|  |TAMS 0x0000000085a00000, 0x0000000085a00000| Untracked 
|  61|0x0000000085b00000, 0x0000000085b00000, 0x0000000085c00000|  0%| F|  |TAMS 0x0000000085b00000, 0x0000000085b00000| Untracked 
|  62|0x0000000085c00000, 0x0000000085c00000, 0x0000000085d00000|  0%| F|  |TAMS 0x0000000085c00000, 0x0000000085c00000| Untracked 
|  63|0x0000000085d00000, 0x0000000085d00000, 0x0000000085e00000|  0%| F|  |TAMS 0x0000000085d00000, 0x0000000085d00000| Untracked 
|  64|0x0000000085e00000, 0x0000000085e00000, 0x0000000085f00000|  0%| F|  |TAMS 0x0000000085e00000, 0x0000000085e00000| Untracked 
|  65|0x0000000085f00000, 0x0000000085f00000, 0x0000000086000000|  0%| F|  |TAMS 0x0000000085f00000, 0x0000000085f00000| Untracked 
|  66|0x0000000086000000, 0x0000000086000000, 0x0000000086100000|  0%| F|  |TAMS 0x0000000086000000, 0x0000000086000000| Untracked 
|  67|0x0000000086100000, 0x0000000086100000, 0x0000000086200000|  0%| F|  |TAMS 0x0000000086100000, 0x0000000086100000| Untracked 
|  68|0x0000000086200000, 0x0000000086200000, 0x0000000086300000|  0%| F|  |TAMS 0x0000000086200000, 0x0000000086200000| Untracked 
|  69|0x0000000086300000, 0x0000000086300000, 0x0000000086400000|  0%| F|  |TAMS 0x0000000086300000, 0x0000000086300000| Untracked 
|  70|0x0000000086400000, 0x0000000086400000, 0x0000000086500000|  0%| F|  |TAMS 0x0000000086400000, 0x0000000086400000| Untracked 
|  71|0x0000000086500000, 0x0000000086500000, 0x0000000086600000|  0%| F|  |TAMS 0x0000000086500000, 0x0000000086500000| Untracked 
|  72|0x0000000086600000, 0x0000000086600000, 0x0000000086700000|  0%| F|  |TAMS 0x0000000086600000, 0x0000000086600000| Untracked 
|  73|0x0000000086700000, 0x0000000086700000, 0x0000000086800000|  0%| F|  |TAMS 0x0000000086700000, 0x0000000086700000| Untracked 
|  74|0x0000000086800000, 0x0000000086800000, 0x0000000086900000|  0%| F|  |TAMS 0x0000000086800000, 0x0000000086800000| Untracked 
|  75|0x0000000086900000, 0x0000000086900000, 0x0000000086a00000|  0%| F|  |TAMS 0x0000000086900000, 0x0000000086900000| Untracked 
|  76|0x0000000086a00000, 0x0000000086a00000, 0x0000000086b00000|  0%| F|  |TAMS 0x0000000086a00000, 0x0000000086a00000| Untracked 
|  77|0x0000000086b00000, 0x0000000086b00000, 0x0000000086c00000|  0%| F|  |TAMS 0x0000000086b00000, 0x0000000086b00000| Untracked 
|  78|0x0000000086c00000, 0x0000000086c00000, 0x0000000086d00000|  0%| F|  |TAMS 0x0000000086c00000, 0x0000000086c00000| Untracked 
|  79|0x0000000086d00000, 0x0000000086d00000, 0x0000000086e00000|  0%| F|  |TAMS 0x0000000086d00000, 0x0000000086d00000| Untracked 
|  80|0x0000000086e00000, 0x0000000086e00000, 0x0000000086f00000|  0%| F|  |TAMS 0x0000000086e00000, 0x0000000086e00000| Untracked 
|  81|0x0000000086f00000, 0x0000000086f00000, 0x0000000087000000|  0%| F|  |TAMS 0x0000000086f00000, 0x0000000086f00000| Untracked 
|  82|0x0000000087000000, 0x0000000087000000, 0x0000000087100000|  0%| F|  |TAMS 0x0000000087000000, 0x0000000087000000| Untracked 
|  83|0x0000000087100000, 0x0000000087100000, 0x0000000087200000|  0%| F|  |TAMS 0x0000000087100000, 0x0000000087100000| Untracked 
|  84|0x0000000087200000, 0x0000000087200000, 0x0000000087300000|  0%| F|  |TAMS 0x0000000087200000, 0x0000000087200000| Untracked 
|  85|0x0000000087300000, 0x0000000087300000, 0x0000000087400000|  0%| F|  |TAMS 0x0000000087300000, 0x0000000087300000| Untracked 
|  86|0x0000000087400000, 0x0000000087400000, 0x0000000087500000|  0%| F|  |TAMS 0x0000000087400000, 0x0000000087400000| Untracked 
|  87|0x0000000087500000, 0x0000000087500000, 0x0000000087600000|  0%| F|  |TAMS 0x0000000087500000, 0x0000000087500000| Untracked 
|  88|0x0000000087600000, 0x0000000087600000, 0x0000000087700000|  0%| F|  |TAMS 0x0000000087600000, 0x0000000087600000| Untracked 
|  89|0x0000000087700000, 0x0000000087700000, 0x0000000087800000|  0%| F|  |TAMS 0x0000000087700000, 0x0000000087700000| Untracked 
|  90|0x0000000087800000, 0x0000000087800000, 0x0000000087900000|  0%| F|  |TAMS 0x0000000087800000, 0x0000000087800000| Untracked 
|  91|0x0000000087900000, 0x0000000087900000, 0x0000000087a00000|  0%| F|  |TAMS 0x0000000087900000, 0x0000000087900000| Untracked 
|  92|0x0000000087a00000, 0x0000000087a00000, 0x0000000087b00000|  0%| F|  |TAMS 0x0000000087a00000, 0x0000000087a00000| Untracked 
|  93|0x0000000087b00000, 0x0000000087b00000, 0x0000000087c00000|  0%| F|  |TAMS 0x0000000087b00000, 0x0000000087b00000| Untracked 
|  94|0x0000000087c00000, 0x0000000087c00000, 0x0000000087d00000|  0%| F|  |TAMS 0x0000000087c00000, 0x0000000087c00000| Untracked 
|  95|0x0000000087d00000, 0x0000000087d00000, 0x0000000087e00000|  0%| F|  |TAMS 0x0000000087d00000, 0x0000000087d00000| Untracked 
|  96|0x0000000087e00000, 0x0000000087e00000, 0x0000000087f00000|  0%| F|  |TAMS 0x0000000087e00000, 0x0000000087e00000| Untracked 
|  97|0x0000000087f00000, 0x0000000087f00000, 0x0000000088000000|  0%| F|  |TAMS 0x0000000087f00000, 0x0000000087f00000| Untracked 
|  98|0x0000000088000000, 0x0000000088000000, 0x0000000088100000|  0%| F|  |TAMS 0x0000000088000000, 0x0000000088000000| Untracked 
|  99|0x0000000088100000, 0x0000000088100000, 0x0000000088200000|  0%| F|  |TAMS 0x0000000088100000, 0x0000000088100000| Untracked 
| 100|0x0000000088200000, 0x0000000088200000, 0x0000000088300000|  0%| F|  |TAMS 0x0000000088200000, 0x0000000088200000| Untracked 
| 101|0x0000000088300000, 0x0000000088300000, 0x0000000088400000|  0%| F|  |TAMS 0x0000000088300000, 0x0000000088300000| Untracked 
| 102|0x0000000088400000, 0x0000000088400000, 0x0000000088500000|  0%| F|  |TAMS 0x0000000088400000, 0x0000000088400000| Untracked 
| 103|0x0000000088500000, 0x0000000088500000, 0x0000000088600000|  0%| F|  |TAMS 0x0000000088500000, 0x0000000088500000| Untracked 
| 104|0x0000000088600000, 0x0000000088600000, 0x0000000088700000|  0%| F|  |TAMS 0x0000000088600000, 0x0000000088600000| Untracked 
| 105|0x0000000088700000, 0x0000000088700000, 0x0000000088800000|  0%| F|  |TAMS 0x0000000088700000, 0x0000000088700000| Untracked 
| 106|0x0000000088800000, 0x0000000088800000, 0x0000000088900000|  0%| F|  |TAMS 0x0000000088800000, 0x0000000088800000| Untracked 
| 107|0x0000000088900000, 0x0000000088900000, 0x0000000088a00000|  0%| F|  |TAMS 0x0000000088900000, 0x0000000088900000| Untracked 
| 108|0x0000000088a00000, 0x0000000088a00000, 0x0000000088b00000|  0%| F|  |TAMS 0x0000000088a00000, 0x0000000088a00000| Untracked 
| 109|0x0000000088b00000, 0x0000000088b00000, 0x0000000088c00000|  0%| F|  |TAMS 0x0000000088b00000, 0x0000000088b00000| Untracked 
| 110|0x0000000088c00000, 0x0000000088c00000, 0x0000000088d00000|  0%| F|  |TAMS 0x0000000088c00000, 0x0000000088c00000| Untracked 
| 111|0x0000000088d00000, 0x0000000088d00000, 0x0000000088e00000|  0%| F|  |TAMS 0x0000000088d00000, 0x0000000088d00000| Untracked 
| 112|0x0000000088e00000, 0x0000000088e00000, 0x0000000088f00000|  0%| F|  |TAMS 0x0000000088e00000, 0x0000000088e00000| Untracked 
| 113|0x0000000088f00000, 0x0000000088f00000, 0x0000000089000000|  0%| F|  |TAMS 0x0000000088f00000, 0x0000000088f00000| Untracked 
| 114|0x0000000089000000, 0x0000000089000000, 0x0000000089100000|  0%| F|  |TAMS 0x0000000089000000, 0x0000000089000000| Untracked 
| 115|0x0000000089100000, 0x0000000089100000, 0x0000000089200000|  0%| F|  |TAMS 0x0000000089100000, 0x0000000089100000| Untracked 
| 116|0x0000000089200000, 0x0000000089200000, 0x0000000089300000|  0%| F|  |TAMS 0x0000000089200000, 0x0000000089200000| Untracked 
| 117|0x0000000089300000, 0x0000000089300000, 0x0000000089400000|  0%| F|  |TAMS 0x0000000089300000, 0x0000000089300000| Untracked 
| 118|0x0000000089400000, 0x0000000089400000, 0x0000000089500000|  0%| F|  |TAMS 0x0000000089400000, 0x0000000089400000| Untracked 
| 119|0x0000000089500000, 0x0000000089500000, 0x0000000089600000|  0%| F|  |TAMS 0x0000000089500000, 0x0000000089500000| Untracked 
| 120|0x0000000089600000, 0x0000000089600000, 0x0000000089700000|  0%| F|  |TAMS 0x0000000089600000, 0x0000000089600000| Untracked 
| 121|0x0000000089700000, 0x0000000089700000, 0x0000000089800000|  0%| F|  |TAMS 0x0000000089700000, 0x0000000089700000| Untracked 
| 122|0x0000000089800000, 0x0000000089800000, 0x0000000089900000|  0%| F|  |TAMS 0x0000000089800000, 0x0000000089800000| Untracked 
| 123|0x0000000089900000, 0x0000000089900000, 0x0000000089a00000|  0%| F|  |TAMS 0x0000000089900000, 0x0000000089900000| Untracked 
| 124|0x0000000089a00000, 0x0000000089a00000, 0x0000000089b00000|  0%| F|  |TAMS 0x0000000089a00000, 0x0000000089a00000| Untracked 
| 125|0x0000000089b00000, 0x0000000089b00000, 0x0000000089c00000|  0%| F|  |TAMS 0x0000000089b00000, 0x0000000089b00000| Untracked 
| 126|0x0000000089c00000, 0x0000000089c43110, 0x0000000089d00000| 26%| E|  |TAMS 0x0000000089c00000, 0x0000000089c00000| Complete 
| 127|0x0000000089d00000, 0x0000000089e00000, 0x0000000089e00000|100%| E|CS|TAMS 0x0000000089d00000, 0x0000000089d00000| Complete 

Card table byte_map: [0x000001de420d0000,0x000001de424d0000] _byte_map_base: 0x000001de41cc1000

Marking Bits (Prev, Next): (CMBitMap*) 0x000001de37233f10, (CMBitMap*) 0x000001de37233f50
 Prev Bits: [0x000001de428d0000, 0x000001de44858000)
 Next Bits: [0x000001de44860000, 0x000001de467e8000)

Polling page: 0x000001de350a0000

Metaspace:

Usage:
  Non-class:    119.67 KB used.
      Class:      3.03 KB used.
       Both:    122.70 KB used.

Virtual space:
  Non-class space:        8.00 MB reserved,     192.00 KB (  2%) committed,  1 nodes.
      Class space:        1.00 GB reserved,     128.00 KB ( <1%) committed,  1 nodes.
             Both:        1.01 GB reserved,     320.00 KB ( <1%) committed. 

Chunk freelists:
   Non-Class:  4.00 MB
       Class:  3.75 MB
        Both:  7.75 MB

MaxMetaspaceSize: unlimited
CompressedClassSpaceSize: 1.00 GB
Initial GC threshold: 21.00 MB
Current GC threshold: 21.00 MB
CDS: on
MetaspaceReclaimPolicy: balanced
 - commit_granule_bytes: 65536.
 - commit_granule_words: 8192.
 - virtual_space_node_default_size: 1048576.
 - enlarge_chunks_in_place: 1.
 - new_chunks_are_fully_committed: 0.
 - uncommit_free_chunks: 1.
 - use_allocation_guard: 0.
 - handle_deallocations: 1.


Internal statistics:

num_allocs_failed_limit: 0.
num_arena_births: 4.
num_arena_deaths: 0.
num_vsnodes_births: 2.
num_vsnodes_deaths: 0.
num_space_committed: 5.
num_space_uncommitted: 0.
num_chunks_returned_to_freelist: 0.
num_chunks_taken_from_freelist: 5.
num_chunk_merges: 0.
num_chunk_splits: 2.
num_chunks_enlarged: 1.
num_purges: 0.
num_inconsistent_stats: 0.

CodeCache: size=49152Kb used=1102Kb max_used=1102Kb free=48049Kb
 bounds [0x000001de3ecd0000, 0x000001de3ef40000, 0x000001de41cd0000]
 total_blobs=380 nmethods=59 adapters=249
 compilation: enabled
              stopped_count=0, restarted_count=0
 full_count=0

Compilation events (20 events):
Event: 0.150 Thread 0x000001de48b82f60 nmethod 27 0x000001de3edd2890 code [0x000001de3edd2a20, 0x000001de3edd2b58]
Event: 0.157 Thread 0x000001de48b82f60   29       1       sun.net.www.ParseUtil::match (50 bytes)
Event: 0.157 Thread 0x000001de48b82f60 nmethod 29 0x000001de3edd3010 code [0x000001de3edd31a0, 0x000001de3edd3338]
Event: 0.162 Thread 0x000001de48b82f60   30       1       java.io.File::getPath (5 bytes)
Event: 0.162 Thread 0x000001de48b82f60 nmethod 30 0x000001de3edd3390 code [0x000001de3edd3520, 0x000001de3edd35f8]
Event: 0.171 Thread 0x000001de48b82f60   31       1       java.lang.StringLatin1::canEncode (13 bytes)
Event: 0.172 Thread 0x000001de48b82f60 nmethod 31 0x000001de3edd3690 code [0x000001de3edd3820, 0x000001de3edd38d8]
Event: 0.174 Thread 0x000001de48b82f60   32       1       java.util.concurrent.ConcurrentHashMap::tabAt (22 bytes)
Event: 0.174 Thread 0x000001de48b82f60 nmethod 32 0x000001de3edd4410 code [0x000001de3edd45a0, 0x000001de3edd46b8]
Event: 0.174 Thread 0x000001de48b82f60   33       1       jdk.internal.misc.Unsafe::getReferenceAcquire (7 bytes)
Event: 0.174 Thread 0x000001de48b82f60 nmethod 33 0x000001de3edd4790 code [0x000001de3edd4920, 0x000001de3edd4a38]
Event: 0.174 Thread 0x000001de48b82f60   36       1       java.util.ImmutableCollections$SetN$SetNIterator::next (90 bytes)
Event: 0.175 Thread 0x000001de48b82f60 nmethod 36 0x000001de3edd4a90 code [0x000001de3edd4c40, 0x000001de3edd4de8]
Event: 0.175 Thread 0x000001de48b82f60   35       1       java.util.concurrent.ConcurrentHashMap::spread (10 bytes)
Event: 0.175 Thread 0x000001de48b82f60 nmethod 35 0x000001de3edd4f10 code [0x000001de3edd50a0, 0x000001de3edd5158]
Event: 0.201 Thread 0x000001de48b82f60   38       1       java.lang.Enum::ordinal (5 bytes)
Event: 0.201 Thread 0x000001de48b82f60 nmethod 38 0x000001de3edd9a90 code [0x000001de3edd9c20, 0x000001de3edd9cf8]
Event: 0.202 Thread 0x000001de48b82f60   41       1       java.util.concurrent.ConcurrentHashMap::addCount (280 bytes)
Event: 0.203 Thread 0x000001de48b82f60 nmethod 41 0x000001de3edda490 code [0x000001de3edda680, 0x000001de3eddab08]
Event: 0.205 Thread 0x000001de48b82f60   43   !   1       java.util.concurrent.ConcurrentHashMap::putVal (432 bytes)

GC Heap History (0 events):
No events

Deoptimization events (0 events):
No events

Classes unloaded (0 events):
No events

Classes redefined (0 events):
No events

Internal exceptions (0 events):
No events

VM Operations (0 events):
No events

Events (13 events):
Event: 0.008 Loaded shared library C:\Users\efqan\.jdks\corretto-17.0.3\bin\java.dll
Event: 0.020 Loaded shared library C:\Users\efqan\.jdks\corretto-17.0.3\bin\jsvml.dll
Event: 0.021 Thread 0x000001de371d9260 Thread added: 0x000001de371d9260
Event: 0.025 Thread 0x000001de48b689a0 Thread added: 0x000001de48b689a0
Event: 0.026 Thread 0x000001de48b69720 Thread added: 0x000001de48b69720
Event: 0.045 loading class sun/nio/cs/UTF_8$Encoder
Event: 0.046 loading class sun/nio/cs/UTF_8$Encoder done
Event: 0.048 Thread 0x000001de48b7c940 Thread added: 0x000001de48b7c940
Event: 0.048 Thread 0x000001de48b7d400 Thread added: 0x000001de48b7d400
Event: 0.048 Thread 0x000001de48b7fdd0 Thread added: 0x000001de48b7fdd0
Event: 0.048 Thread 0x000001de48b80690 Thread added: 0x000001de48b80690
Event: 0.048 Thread 0x000001de48b82f60 Thread added: 0x000001de48b82f60
Event: 0.048 Thread 0x000001de48b91180 Thread added: 0x000001de48b91180


Dynamic libraries:
0x00007ff66c670000 - 0x00007ff66c67d000 	C:\Users\efqan\.jdks\corretto-17.0.3\bin\java.exe
0x00007fff9fa10000 - 0x00007fff9fc08000 	C:\Windows\SYSTEM32\ntdll.dll
0x00007fff9ef10000 - 0x00007fff9efcd000 	C:\Windows\System32\KERNEL32.DLL
0x00007fff9d6d0000 - 0x00007fff9d9c6000 	C:\Windows\System32\KERNELBASE.dll
0x00007fff9d5a0000 - 0x00007fff9d6a0000 	C:\Windows\System32\ucrtbase.dll
0x00007fff97160000 - 0x00007fff97175000 	C:\Users\efqan\.jdks\corretto-17.0.3\bin\VCRUNTIME140.dll
0x00007fff978b0000 - 0x00007fff978c8000 	C:\Users\efqan\.jdks\corretto-17.0.3\bin\jli.dll
0x00007fff9e860000 - 0x00007fff9e9ff000 	C:\Windows\System32\USER32.dll
0x00007fff895b0000 - 0x00007fff8984a000 	C:\Windows\WinSxS\amd64_microsoft.windows.common-controls_6595b64144ccf1df_6.0.19041.4355_none_60b8b9eb71f62e16\COMCTL32.dll
0x00007fff9da20000 - 0x00007fff9da42000 	C:\Windows\System32\win32u.dll
0x00007fff9e650000 - 0x00007fff9e67b000 	C:\Windows\System32\GDI32.dll
0x00007fff9e250000 - 0x00007fff9e2ee000 	C:\Windows\System32\msvcrt.dll
0x00007fff9d280000 - 0x00007fff9d397000 	C:\Windows\System32\gdi32full.dll
0x00007fff9d500000 - 0x00007fff9d59d000 	C:\Windows\System32\msvcp_win.dll
0x00007fff9f310000 - 0x00007fff9f33f000 	C:\Windows\System32\IMM32.DLL
0x00007fff8caf0000 - 0x00007fff8cb8b000 	C:\Users\efqan\.jdks\corretto-17.0.3\bin\msvcp140.dll
0x00007fff53110000 - 0x00007fff53d2b000 	C:\Users\efqan\.jdks\corretto-17.0.3\bin\server\jvm.dll
0x00007fff9ed30000 - 0x00007fff9ede0000 	C:\Windows\System32\ADVAPI32.dll
0x00007fff9ec90000 - 0x00007fff9ed30000 	C:\Windows\System32\sechost.dll
0x00007fff9f8a0000 - 0x00007fff9f9c3000 	C:\Windows\System32\RPCRT4.dll
0x00007fff9d6a0000 - 0x00007fff9d6c7000 	C:\Windows\System32\bcrypt.dll
0x00007fff9e850000 - 0x00007fff9e858000 	C:\Windows\System32\PSAPI.DLL
0x00007fff7b900000 - 0x00007fff7b909000 	C:\Windows\SYSTEM32\WSOCK32.dll
0x00007fff89850000 - 0x00007fff89877000 	C:\Windows\SYSTEM32\WINMM.dll
0x00007fff9f7b0000 - 0x00007fff9f81b000 	C:\Windows\System32\WS2_32.dll
0x00007fff96750000 - 0x00007fff9675a000 	C:\Windows\SYSTEM32\VERSION.dll
0x00007fff9af10000 - 0x00007fff9af22000 	C:\Windows\SYSTEM32\kernel.appcore.dll
0x00007fff99730000 - 0x00007fff9973a000 	C:\Users\efqan\.jdks\corretto-17.0.3\bin\jimage.dll
0x00007fff91970000 - 0x00007fff91b54000 	C:\Windows\SYSTEM32\DBGHELP.DLL
0x00007fff78a80000 - 0x00007fff78ab4000 	C:\Windows\SYSTEM32\dbgcore.DLL
0x00007fff9d0d0000 - 0x00007fff9d152000 	C:\Windows\System32\bcryptPrimitives.dll
0x00007fff97910000 - 0x00007fff9791e000 	C:\Users\efqan\.jdks\corretto-17.0.3\bin\instrument.dll
0x00007fff97120000 - 0x00007fff97145000 	C:\Users\efqan\.jdks\corretto-17.0.3\bin\java.dll
0x00007fff8ac80000 - 0x00007fff8ad56000 	C:\Users\efqan\.jdks\corretto-17.0.3\bin\jsvml.dll
0x00007fff9da50000 - 0x00007fff9e1bc000 	C:\Windows\System32\SHELL32.dll
0x00007fff9b110000 - 0x00007fff9b8ad000 	C:\Windows\SYSTEM32\windows.storage.dll
0x00007fff9e2f0000 - 0x00007fff9e643000 	C:\Windows\System32\combase.dll
0x00007fff9ca10000 - 0x00007fff9ca3e000 	C:\Windows\SYSTEM32\Wldp.dll
0x00007fff9efd0000 - 0x00007fff9f09d000 	C:\Windows\System32\OLEAUT32.dll
0x00007fff9eab0000 - 0x00007fff9eb5d000 	C:\Windows\System32\SHCORE.dll
0x00007fff9f2b0000 - 0x00007fff9f305000 	C:\Windows\System32\shlwapi.dll
0x00007fff9d000000 - 0x00007fff9d024000 	C:\Windows\SYSTEM32\profapi.dll

dbghelp: loaded successfully - version: 4.0.5 - missing functions: none
symbol engine: initialized successfully - sym options: 0x614 - pdb path: .;C:\Users\efqan\.jdks\corretto-17.0.3\bin;C:\Windows\SYSTEM32;C:\Windows\WinSxS\amd64_microsoft.windows.common-controls_6595b64144ccf1df_6.0.19041.4355_none_60b8b9eb71f62e16;C:\Users\efqan\.jdks\corretto-17.0.3\bin\server

VM Arguments:
jvm_args: -XX:TieredStopAtLevel=1 -Xverify:none -Dspring.output.ansi.enabled=always -Dcom.sun.management.jmxremote -Dspring.jmx.enabled=true -Dspring.liveBeansView.mbeanDomain -Dspring.application.admin.enabled=true -javaagent:C:\Program Files\JetBrains\IntelliJ IDEA 2022.1.3\lib\idea_rt.jar=59559:C:\Program Files\JetBrains\IntelliJ IDEA 2022.1.3\bin -Dfile.encoding=UTF-8 
java_command: com.example.springproject.Application
java_class_path (initial): C:\Users\efqan\OneDrive\Desktop\PASHA_2\spring-project\build\classes\java\main;C:\Users\efqan\OneDrive\Desktop\PASHA_2\spring-project\build\resources\main;C:\Users\efqan\.gradle\caches\modules-2\files-2.1\org.projectlombok\lombok\1.18.32\17d46b3e205515e1e8efd3ee4d57ce8018914163\lombok-1.18.32.jar;C:\Users\efqan\.gradle\caches\modules-2\files-2.1\org.springframework.boot\spring-boot-starter-web\3.3.1\ec812e82a010d089438b6ac98ebe294f2e540f71\spring-boot-starter-web-3.3.1.jar;C:\Users\efqan\.gradle\caches\modules-2\files-2.1\org.springframework.boot\spring-boot-starter-json\3.3.1\b78d1ce67c3a44e8a2c2799b70e8c216166d0f5b\spring-boot-starter-json-3.3.1.jar;C:\Users\efqan\.gradle\caches\modules-2\files-2.1\org.springframework.boot\spring-boot-starter\3.3.1\30e0ac13cfa51c77db60909ea28572a1e973f186\spring-boot-starter-3.3.1.jar;C:\Users\efqan\.gradle\caches\modules-2\files-2.1\org.springframework.boot\spring-boot-starter-tomcat\3.3.1\78bc3dedeb8abcea03f35d24f6779e0a3c6080d2\spring-boot-starter-tomcat-3.3.1.jar;C:\Users\efqan\.gradle\caches\modules-2\files-2.1\org.springframework\spring-webmvc\6.1.10\476344c2f21ab070bc72108375d9355f2ec0ddd1\spring-webmvc-6.1.10.jar;C:\Users\efqan\.gradle\caches\modules-2\files-2.1\org.springframework\spring-web\6.1.10\876a856af61ef5712fb9a3013b798aa2b4a9475e\spring-web-6.1.10.jar;C:\Users\efqan\.gradle\caches\modules-2\files-2.1\com.fasterxml.jackson.datatype\jackson-datatype-jsr310\2.17.1\969b0c3cb8c75d759e9a6c585c44c9b9f3a4f75\jackson-datatype-jsr310-2.17.1.jar;C:\Users\efqan\.gradle\caches\modules-2\files-2.1\com.fasterxml.jackson.module\jackson-module-parameter-names\2.17.1\74a998f6fbcedbddedf0a27e8ce72078b2e516a6\jackson-module-parameter-names-2.17.1.jar;C:\Users\efqan\.gradle\caches\modules-2\files-2.1\com.fasterxml.jackson.datatype\jackson-datatype-jdk8\2.17.1\76b495194c36058904c82e288d285a1bd13f0ffa\jackson-datatype-jdk8-2.17.1.jar;C:\Users\efqan\.gradle\caches\modules-2\files-2.1\com.fasterxml.jackson.co
Launcher Type: SUN_STANDARD

[Global flags]
     intx CICompilerCount                          = 3                                         {product} {ergonomic}
     uint ConcGCThreads                            = 1                                         {product} {ergonomic}
     uint G1ConcRefinementThreads                  = 4                                         {product} {ergonomic}
   size_t G1HeapRegionSize                         = 1048576                                   {product} {ergonomic}
    uintx GCDrainStackTargetSize                   = 64                                        {product} {ergonomic}
   size_t InitialHeapSize                          = 134217728                                 {product} {ergonomic}
     bool ManagementServer                         = true                                      {product} {command line}
   size_t MarkStackSize                            = 4194304                                   {product} {ergonomic}
   size_t MaxHeapSize                              = 2116026368                                {product} {ergonomic}
   size_t MaxNewSize                               = 1268776960                                {product} {ergonomic}
   size_t MinHeapDeltaBytes                        = 1048576                                   {product} {ergonomic}
   size_t MinHeapSize                              = 8388608                                   {product} {ergonomic}
    uintx NonProfiledCodeHeapSize                  = 0                                      {pd product} {ergonomic}
     bool ProfileInterpreter                       = false                                  {pd product} {command line}
    uintx ProfiledCodeHeapSize                     = 0                                      {pd product} {ergonomic}
   size_t SoftMaxHeapSize                          = 2116026368                             {manageable} {ergonomic}
     intx TieredStopAtLevel                        = 1                                         {product} {command line}
     bool UseCompressedClassPointers               = true                           {product lp64_product} {ergonomic}
     bool UseCompressedOops                        = true                           {product lp64_product} {ergonomic}
     bool UseG1GC                                  = true                                      {product} {ergonomic}
     bool UseLargePagesIndividualAllocation        = false                                  {pd product} {ergonomic}

Logging:
Log output configuration:
 #0: stdout all=warning uptime,level,tags
 #1: stderr all=off uptime,level,tags

Environment Variables:
PATH=C:\Program Files\Common Files\Oracle\Java\javapath;C:\Program Files (x86)\Common Files\Oracle\Java\javapath;C:\Windows\system32;C:\Windows;C:\Windows\System32\Wbem;C:\Windows\System32\WindowsPowerShell\v1.0\;C:\Windows\System32\OpenSSH\;C:\Program Files (x86)\Microchip\MPLAB C32 Suite\bin;C:\Program Files\Git\cmd;C:\Program Files\Docker\Docker\resources\bin;C:\Users\efqan\AppData\Local\Microsoft\WindowsApps;"C:\Users\efqan\AppData\Local\Programs\Microsoft VS Code\bin;C:\Program Files\Java\jdk-20\bin;C:\Program Files\Java\jre-1.8\bin";;C:\Users\efqan\AppData\Local\Programs\Microsoft VS Code\bin
USERNAME=efqan
OS=Windows_NT
PROCESSOR_IDENTIFIER=Intel64 Family 6 Model 142 Stepping 9, GenuineIntel



---------------  S Y S T E M  ---------------

OS:
 Windows 10 , 64 bit Build 19041 (10.0.19041.3636)
OS uptime: 7 days 2:37 hours
Hyper-V role detected

CPU: total 4 (initial active 4) (2 cores per cpu, 2 threads per core) family 6 model 142 stepping 9 microcode 0xb4, cx8, cmov, fxsr, ht, mmx, 3dnowpref, sse, sse2, sse3, ssse3, sse4.1, sse4.2, popcnt, lzcnt, tsc, tscinvbit, avx, avx2, aes, erms, clmul, bmi1, bmi2, adx, fma, vzeroupper, clflush, clflushopt, hv

Memory: 4k page, system-wide physical 8069M (612M free)
TotalPageFile size 12165M (AvailPageFile size 3M)
current process WorkingSet (physical memory assigned to process): 25M, peak: 25M
current process commit charge ("private bytes"): 195M, peak: 195M

vm_info: OpenJDK 64-Bit Server VM (17.0.3+6-LTS) for windows-amd64 JRE (17.0.3+6-LTS), built on Apr 15 2022 22:16:02 by "Administrator" with MS VC++ 15.9 (VS2017)

END.
