#
# There is insufficient memory for the Java Runtime Environment to continue.
# Native memory allocation (mmap) failed to map 134217728 bytes for G1 virtual space
# Possible reasons:
#   The system is out of physical RAM or swap space
#   The process is running with CompressedOops enabled, and the Java Heap may be blocking the growth of the native heap
# Possible solutions:
#   Reduce memory load on the system
#   Increase physical memory or swap space
#   Check if swap backing store is full
#   Decrease Java heap size (-Xmx/-Xms)
#   Decrease number of Java threads
#   Decrease Java thread stack sizes (-Xss)
#   Set larger code cache with -XX:ReservedCodeCacheSize=
#   JVM is running with Unscaled Compressed Oops mode in which the Java heap is
#     placed in the first 4GB address space. The Java Heap base address is the
#     maximum limit for the native heap growth. Please use -XX:HeapBaseMinAddress
#     to set the Java Heap base and to place the Java Heap above 4GB virtual address.
# This output file may be truncated or incomplete.
#
#  Out of Memory Error (os_windows.cpp:3535), pid=11236, tid=11364
#
# JRE version:  (17.0.3+6) (build )
# Java VM: OpenJDK 64-Bit Server VM (17.0.3+6-LTS, mixed mode, emulated-client, sharing, tiered, compressed oops, compressed class ptrs, g1 gc, windows-amd64)
# No core dump will be written. Minidumps are not enabled by default on client versions of Windows
#

---------------  S U M M A R Y ------------

Command Line: -XX:TieredStopAtLevel=1 -Xverify:none -Dspring.output.ansi.enabled=always -Dcom.sun.management.jmxremote -Dspring.jmx.enabled=true -Dspring.liveBeansView.mbeanDomain -Dspring.application.admin.enabled=true -javaagent:C:\Program Files\JetBrains\IntelliJ IDEA 2022.1.3\lib\idea_rt.jar=59551:C:\Program Files\JetBrains\IntelliJ IDEA 2022.1.3\bin -Dfile.encoding=UTF-8 com.example.springproject.Application

Host: Intel(R) Core(TM) i5-7200U CPU @ 2.50GHz, 4 cores, 7G,  Windows 10 , 64 bit Build 19041 (10.0.19041.3636)
Time: Fri Jul 12 21:42:33 2024 Azerbaijan Standard Time elapsed time: 0.026074 seconds (0d 0h 0m 0s)

---------------  T H R E A D  ---------------

Current thread (0x000001abe9bd89f0):  JavaThread "Unknown thread" [_thread_in_vm, id=11364, stack(0x0000001fc6a00000,0x0000001fc6b00000)]

Stack: [0x0000001fc6a00000,0x0000001fc6b00000]
Native frames: (J=compiled Java code, j=interpreted, Vv=VM code, C=native code)
V  [jvm.dll+0x645e5a]
V  [jvm.dll+0x7f6fc4]
V  [jvm.dll+0x7f877e]
V  [jvm.dll+0x7f8dd3]
V  [jvm.dll+0x234bb8]
V  [jvm.dll+0x642d9a]
V  [jvm.dll+0x637762]
V  [jvm.dll+0x2f2d09]
V  [jvm.dll+0x2f9ee6]
V  [jvm.dll+0x3459ea]
V  [jvm.dll+0x345c2f]
V  [jvm.dll+0x2c91a8]
V  [jvm.dll+0x2ca139]
V  [jvm.dll+0x7ca6e1]
V  [jvm.dll+0x352e01]
V  [jvm.dll+0x7aab0e]
V  [jvm.dll+0x3ce743]
V  [jvm.dll+0x3d0181]
C  [jli.dll+0x51af]
C  [ucrtbase.dll+0x21bb2]
C  [KERNEL32.DLL+0x17344]
C  [ntdll.dll+0x4cc91]


---------------  P R O C E S S  ---------------

Threads class SMR info:
_java_thread_list=0x00007fff53bfd718, length=0, elements={
}

Java Threads: ( => current thread )

Other Threads:
  0x000001abe9c32170 GCTaskThread "GC Thread#0" [stack: 0x0000001fc6b00000,0x0000001fc6c00000] [id=1912]
  0x000001abe9c43d00 ConcurrentGCThread "G1 Main Marker" [stack: 0x0000001fc6c00000,0x0000001fc6d00000] [id=11080]
  0x000001abe9c44710 ConcurrentGCThread "G1 Conc#0" [stack: 0x0000001fc6d00000,0x0000001fc6e00000] [id=13752]

[error occurred during error reporting (printing all threads), id 0xc0000005, EXCEPTION_ACCESS_VIOLATION (0xc0000005) at pc=0x00007fff533ea397]

VM state: not at safepoint (not fully initialized)

VM Mutex/Monitor currently owned by a thread:  ([mutex/lock_event])
[0x000001abe9bd61c0] Heap_lock - owner thread: 0x000001abe9bd89f0

Heap address: 0x0000000081e00000, size: 2018 MB, Compressed Oops mode: 32-bit

CDS archive(s) mapped at: [0x0000000000000000-0x0000000000000000-0x0000000000000000), size 0, SharedBaseAddress: 0x0000000800000000, ArchiveRelocationMode: 0.
Narrow klass base: 0x0000000000000000, Narrow klass shift: 0, Narrow klass range: 0x0

GC Precious Log:
<Empty>

Heap:
 garbage-first heap   total 0K, used 0K [0x0000000081e00000, 0x0000000100000000)
  region size 1024K, 0 young (0K), 0 survivors (0K)

[error occurred during error reporting (printing heap information), id 0xc0000005, EXCEPTION_ACCESS_VIOLATION (0xc0000005) at pc=0x00007fff537ad929]

GC Heap History (0 events):
No events

Deoptimization events (0 events):
No events

Classes unloaded (0 events):
No events

Classes redefined (0 events):
No events

Internal exceptions (0 events):
No events

VM Operations (0 events):
No events

Events (1 events):
Event: 0.019 Loaded shared library C:\Users\efqan\.jdks\corretto-17.0.3\bin\java.dll


Dynamic libraries:
0x00007ff66c670000 - 0x00007ff66c67d000 	C:\Users\efqan\.jdks\corretto-17.0.3\bin\java.exe
0x00007fff9fa10000 - 0x00007fff9fc08000 	C:\Windows\SYSTEM32\ntdll.dll
0x00007fff9ef10000 - 0x00007fff9efcd000 	C:\Windows\System32\KERNEL32.DLL
0x00007fff9d6d0000 - 0x00007fff9d9c6000 	C:\Windows\System32\KERNELBASE.dll
0x00007fff9d5a0000 - 0x00007fff9d6a0000 	C:\Windows\System32\ucrtbase.dll
0x00007fff97160000 - 0x00007fff97175000 	C:\Users\efqan\.jdks\corretto-17.0.3\bin\VCRUNTIME140.dll
0x00007fff978b0000 - 0x00007fff978c8000 	C:\Users\efqan\.jdks\corretto-17.0.3\bin\jli.dll
0x00007fff9e860000 - 0x00007fff9e9ff000 	C:\Windows\System32\USER32.dll
0x00007fff9da20000 - 0x00007fff9da42000 	C:\Windows\System32\win32u.dll
0x00007fff9e650000 - 0x00007fff9e67b000 	C:\Windows\System32\GDI32.dll
0x00007fff9d280000 - 0x00007fff9d397000 	C:\Windows\System32\gdi32full.dll
0x00007fff9d500000 - 0x00007fff9d59d000 	C:\Windows\System32\msvcp_win.dll
0x00007fff895b0000 - 0x00007fff8984a000 	C:\Windows\WinSxS\amd64_microsoft.windows.common-controls_6595b64144ccf1df_6.0.19041.4355_none_60b8b9eb71f62e16\COMCTL32.dll
0x00007fff9e250000 - 0x00007fff9e2ee000 	C:\Windows\System32\msvcrt.dll
0x00007fff9f310000 - 0x00007fff9f33f000 	C:\Windows\System32\IMM32.DLL
0x00007fff8caf0000 - 0x00007fff8cb8b000 	C:\Users\efqan\.jdks\corretto-17.0.3\bin\msvcp140.dll
0x00007fff53110000 - 0x00007fff53d2b000 	C:\Users\efqan\.jdks\corretto-17.0.3\bin\server\jvm.dll
0x00007fff9ed30000 - 0x00007fff9ede0000 	C:\Windows\System32\ADVAPI32.dll
0x00007fff9ec90000 - 0x00007fff9ed30000 	C:\Windows\System32\sechost.dll
0x00007fff9f8a0000 - 0x00007fff9f9c3000 	C:\Windows\System32\RPCRT4.dll
0x00007fff9d6a0000 - 0x00007fff9d6c7000 	C:\Windows\System32\bcrypt.dll
0x00007fff9e850000 - 0x00007fff9e858000 	C:\Windows\System32\PSAPI.DLL
0x00007fff7b900000 - 0x00007fff7b909000 	C:\Windows\SYSTEM32\WSOCK32.dll
0x00007fff89850000 - 0x00007fff89877000 	C:\Windows\SYSTEM32\WINMM.dll
0x00007fff9f7b0000 - 0x00007fff9f81b000 	C:\Windows\System32\WS2_32.dll
0x00007fff96750000 - 0x00007fff9675a000 	C:\Windows\SYSTEM32\VERSION.dll
0x00007fff9af10000 - 0x00007fff9af22000 	C:\Windows\SYSTEM32\kernel.appcore.dll
0x00007fff99730000 - 0x00007fff9973a000 	C:\Users\efqan\.jdks\corretto-17.0.3\bin\jimage.dll
0x00007fff91970000 - 0x00007fff91b54000 	C:\Windows\SYSTEM32\DBGHELP.DLL
0x00007fff78a80000 - 0x00007fff78ab4000 	C:\Windows\SYSTEM32\dbgcore.DLL
0x00007fff9d0d0000 - 0x00007fff9d152000 	C:\Windows\System32\bcryptPrimitives.dll
0x00007fff97910000 - 0x00007fff9791e000 	C:\Users\efqan\.jdks\corretto-17.0.3\bin\instrument.dll
0x00007fff97120000 - 0x00007fff97145000 	C:\Users\efqan\.jdks\corretto-17.0.3\bin\java.dll

dbghelp: loaded successfully - version: 4.0.5 - missing functions: none
symbol engine: initialized successfully - sym options: 0x614 - pdb path: .;C:\Users\efqan\.jdks\corretto-17.0.3\bin;C:\Windows\SYSTEM32;C:\Windows\WinSxS\amd64_microsoft.windows.common-controls_6595b64144ccf1df_6.0.19041.4355_none_60b8b9eb71f62e16;C:\Users\efqan\.jdks\corretto-17.0.3\bin\server

VM Arguments:
jvm_args: -XX:TieredStopAtLevel=1 -Xverify:none -Dspring.output.ansi.enabled=always -Dcom.sun.management.jmxremote -Dspring.jmx.enabled=true -Dspring.liveBeansView.mbeanDomain -Dspring.application.admin.enabled=true -javaagent:C:\Program Files\JetBrains\IntelliJ IDEA 2022.1.3\lib\idea_rt.jar=59551:C:\Program Files\JetBrains\IntelliJ IDEA 2022.1.3\bin -Dfile.encoding=UTF-8 
java_command: com.example.springproject.Application
java_class_path (initial): C:\Users\efqan\OneDrive\Desktop\PASHA_2\spring-project\build\classes\java\main;C:\Users\efqan\OneDrive\Desktop\PASHA_2\spring-project\build\resources\main;C:\Users\efqan\.gradle\caches\modules-2\files-2.1\org.projectlombok\lombok\1.18.32\17d46b3e205515e1e8efd3ee4d57ce8018914163\lombok-1.18.32.jar;C:\Users\efqan\.gradle\caches\modules-2\files-2.1\org.springframework.boot\spring-boot-starter-web\3.3.1\ec812e82a010d089438b6ac98ebe294f2e540f71\spring-boot-starter-web-3.3.1.jar;C:\Users\efqan\.gradle\caches\modules-2\files-2.1\org.springframework.boot\spring-boot-starter-json\3.3.1\b78d1ce67c3a44e8a2c2799b70e8c216166d0f5b\spring-boot-starter-json-3.3.1.jar;C:\Users\efqan\.gradle\caches\modules-2\files-2.1\org.springframework.boot\spring-boot-starter\3.3.1\30e0ac13cfa51c77db60909ea28572a1e973f186\spring-boot-starter-3.3.1.jar;C:\Users\efqan\.gradle\caches\modules-2\files-2.1\org.springframework.boot\spring-boot-starter-tomcat\3.3.1\78bc3dedeb8abcea03f35d24f6779e0a3c6080d2\spring-boot-starter-tomcat-3.3.1.jar;C:\Users\efqan\.gradle\caches\modules-2\files-2.1\org.springframework\spring-webmvc\6.1.10\476344c2f21ab070bc72108375d9355f2ec0ddd1\spring-webmvc-6.1.10.jar;C:\Users\efqan\.gradle\caches\modules-2\files-2.1\org.springframework\spring-web\6.1.10\876a856af61ef5712fb9a3013b798aa2b4a9475e\spring-web-6.1.10.jar;C:\Users\efqan\.gradle\caches\modules-2\files-2.1\com.fasterxml.jackson.datatype\jackson-datatype-jsr310\2.17.1\969b0c3cb8c75d759e9a6c585c44c9b9f3a4f75\jackson-datatype-jsr310-2.17.1.jar;C:\Users\efqan\.gradle\caches\modules-2\files-2.1\com.fasterxml.jackson.module\jackson-module-parameter-names\2.17.1\74a998f6fbcedbddedf0a27e8ce72078b2e516a6\jackson-module-parameter-names-2.17.1.jar;C:\Users\efqan\.gradle\caches\modules-2\files-2.1\com.fasterxml.jackson.datatype\jackson-datatype-jdk8\2.17.1\76b495194c36058904c82e288d285a1bd13f0ffa\jackson-datatype-jdk8-2.17.1.jar;C:\Users\efqan\.gradle\caches\modules-2\files-2.1\com.fasterxml.jackson.co
Launcher Type: SUN_STANDARD

[Global flags]
     intx CICompilerCount                          = 3                                         {product} {ergonomic}
     uint ConcGCThreads                            = 1                                         {product} {ergonomic}
     uint G1ConcRefinementThreads                  = 4                                         {product} {ergonomic}
   size_t G1HeapRegionSize                         = 1048576                                   {product} {ergonomic}
    uintx GCDrainStackTargetSize                   = 64                                        {product} {ergonomic}
   size_t InitialHeapSize                          = 134217728                                 {product} {ergonomic}
     bool ManagementServer                         = true                                      {product} {command line}
   size_t MarkStackSize                            = 4194304                                   {product} {ergonomic}
   size_t MaxHeapSize                              = 2116026368                                {product} {ergonomic}
   size_t MinHeapDeltaBytes                        = 1048576                                   {product} {ergonomic}
   size_t MinHeapSize                              = 8388608                                   {product} {ergonomic}
    uintx NonProfiledCodeHeapSize                  = 0                                      {pd product} {ergonomic}
     bool ProfileInterpreter                       = false                                  {pd product} {command line}
    uintx ProfiledCodeHeapSize                     = 0                                      {pd product} {ergonomic}
   size_t SoftMaxHeapSize                          = 2116026368                             {manageable} {ergonomic}
     intx TieredStopAtLevel                        = 1                                         {product} {command line}
     bool UseCompressedClassPointers               = true                           {product lp64_product} {ergonomic}
     bool UseCompressedOops                        = true                           {product lp64_product} {ergonomic}
     bool UseG1GC                                  = true                                      {product} {ergonomic}
     bool UseLargePagesIndividualAllocation        = false                                  {pd product} {ergonomic}

Logging:
Log output configuration:
 #0: stdout all=warning uptime,level,tags
 #1: stderr all=off uptime,level,tags

Environment Variables:
PATH=C:\Program Files\Common Files\Oracle\Java\javapath;C:\Program Files (x86)\Common Files\Oracle\Java\javapath;C:\Windows\system32;C:\Windows;C:\Windows\System32\Wbem;C:\Windows\System32\WindowsPowerShell\v1.0\;C:\Windows\System32\OpenSSH\;C:\Program Files (x86)\Microchip\MPLAB C32 Suite\bin;C:\Program Files\Git\cmd;C:\Program Files\Docker\Docker\resources\bin;C:\Users\efqan\AppData\Local\Microsoft\WindowsApps;"C:\Users\efqan\AppData\Local\Programs\Microsoft VS Code\bin;C:\Program Files\Java\jdk-20\bin;C:\Program Files\Java\jre-1.8\bin";;C:\Users\efqan\AppData\Local\Programs\Microsoft VS Code\bin
USERNAME=efqan
OS=Windows_NT
PROCESSOR_IDENTIFIER=Intel64 Family 6 Model 142 Stepping 9, GenuineIntel



---------------  S Y S T E M  ---------------

OS:
 Windows 10 , 64 bit Build 19041 (10.0.19041.3636)
OS uptime: 7 days 2:37 hours
Hyper-V role detected

CPU: total 4 (initial active 4) (2 cores per cpu, 2 threads per core) family 6 model 142 stepping 9 microcode 0xb4, cx8, cmov, fxsr, ht, mmx, 3dnowpref, sse, sse2, sse3, ssse3, sse4.1, sse4.2, popcnt, lzcnt, tsc, tscinvbit, avx, avx2, aes, erms, clmul, bmi1, bmi2, adx, fma, vzeroupper, clflush, clflushopt, hv

Memory: 4k page, system-wide physical 8069M (415M free)
TotalPageFile size 12165M (AvailPageFile size 90M)
current process WorkingSet (physical memory assigned to process): 10M, peak: 10M
current process commit charge ("private bytes"): 46M, peak: 174M

vm_info: OpenJDK 64-Bit Server VM (17.0.3+6-LTS) for windows-amd64 JRE (17.0.3+6-LTS), built on Apr 15 2022 22:16:02 by "Administrator" with MS VC++ 15.9 (VS2017)

END.
